<?xml version="1.0" encoding="UTF-8"?>
<!-- Generated by org.testng.reporters.JUnitXMLReporter -->
<testsuite hostname="DESKTOP-LA17J7K" ignored="1" name="Default test" tests="5" failures="0" timestamp="2020-01-31T18:16:43 EST" time="8.872" errors="0">
  <testcase name="homelogin" time="5.094" classname="Secondtestbase.Scope"/>
  <testcase name="manager" time="0.015" classname="Secondtestbase.Scope"/>
  <testcase name="login" time="3.647" classname="testNGfiles.TestBase"/>
  <testcase name="software" time="0.0" classname="testNGfiles.TestBase"/>
  <testcase name="personalloan" time="0.0" classname="Secondtestbase.Scope"/>
  <testcase name="mobileLogin" time="0.0" classname="Secondtestbase.Scope">
    <ignored/>
  </testcase> <!-- mobileLogin -->
</testsuite> <!-- Default test -->
